<?xml version="1.0" encoding="UTF-8"?>
<testsuite name="com.sp.fc.web.test.PaperTest" tests="3" skipped="0" failures="0" errors="0" timestamp="2022-04-14T11:11:29" hostname="DESKTOP-F5OE147" time="2.379">
  <properties/>
  <testcase name="1. user1이 시험지 리스트 조회" classname="com.sp.fc.web.test.PaperTest" time="1.932"/>
  <testcase name="2. user1이 user2의 시험지를 볼 수 없다." classname="com.sp.fc.web.test.PaperTest" time="0.312"/>
  <testcase name="3. user2라도 출제중인 시험지에는 접근할 수 없다." classname="com.sp.fc.web.test.PaperTest" time="0.111"/>
  <system-out><![CDATA[20:11:23.096 [Test worker] DEBUG org.springframework.test.context.BootstrapUtils - Instantiating CacheAwareContextLoaderDelegate from class [org.springframework.test.context.cache.DefaultCacheAwareContextLoaderDelegate]
20:11:23.136 [Test worker] DEBUG org.springframework.test.context.BootstrapUtils - Instantiating BootstrapContext using constructor [public org.springframework.test.context.support.DefaultBootstrapContext(java.lang.Class,org.springframework.test.context.CacheAwareContextLoaderDelegate)]
20:11:23.192 [Test worker] DEBUG org.springframework.test.context.BootstrapUtils - Instantiating TestContextBootstrapper for test class [com.sp.fc.web.test.PaperTest] from class [org.springframework.boot.test.context.SpringBootTestContextBootstrapper]
20:11:23.211 [Test worker] INFO org.springframework.boot.test.context.SpringBootTestContextBootstrapper - Neither @ContextConfiguration nor @ContextHierarchy found for test class [com.sp.fc.web.test.PaperTest], using SpringBootContextLoader
20:11:23.218 [Test worker] DEBUG org.springframework.test.context.support.AbstractContextLoader - Did not detect default resource location for test class [com.sp.fc.web.test.PaperTest]: class path resource [com/sp/fc/web/test/PaperTest-context.xml] does not exist
20:11:23.219 [Test worker] DEBUG org.springframework.test.context.support.AbstractContextLoader - Did not detect default resource location for test class [com.sp.fc.web.test.PaperTest]: class path resource [com/sp/fc/web/test/PaperTestContext.groovy] does not exist
20:11:23.219 [Test worker] INFO org.springframework.test.context.support.AbstractContextLoader - Could not detect default resource locations for test class [com.sp.fc.web.test.PaperTest]: no resource found for suffixes {-context.xml, Context.groovy}.
20:11:23.221 [Test worker] INFO org.springframework.test.context.support.AnnotationConfigContextLoaderUtils - Could not detect default configuration classes for test class [com.sp.fc.web.test.PaperTest]: PaperTest does not declare any static, non-private, non-final, nested classes annotated with @Configuration.
20:11:23.294 [Test worker] DEBUG org.springframework.test.context.support.ActiveProfilesUtils - Could not find an 'annotation declaring class' for annotation type [org.springframework.test.context.ActiveProfiles] and class [com.sp.fc.web.test.PaperTest]
20:11:23.412 [Test worker] DEBUG org.springframework.context.annotation.ClassPathScanningCandidateComponentProvider - Identified candidate component class: file [C:\Users\user\IdeaProjects\education\sp-fastcampus-spring-sec - 복사본\server\authority-test\build\classes\java\main\com\sp\fc\web\AuthorityTestApplication.class]
20:11:23.413 [Test worker] INFO org.springframework.boot.test.context.SpringBootTestContextBootstrapper - Found @SpringBootConfiguration com.sp.fc.web.AuthorityTestApplication for test class com.sp.fc.web.test.PaperTest
20:11:23.588 [Test worker] DEBUG org.springframework.boot.test.context.SpringBootTestContextBootstrapper - @TestExecutionListeners is not present for class [com.sp.fc.web.test.PaperTest]: using defaults.
20:11:23.589 [Test worker] INFO org.springframework.boot.test.context.SpringBootTestContextBootstrapper - Loaded default TestExecutionListener class names from location [META-INF/spring.factories]: [org.springframework.boot.test.autoconfigure.restdocs.RestDocsTestExecutionListener, org.springframework.boot.test.autoconfigure.web.client.MockRestServiceServerResetTestExecutionListener, org.springframework.boot.test.autoconfigure.web.servlet.MockMvcPrintOnlyOnFailureTestExecutionListener, org.springframework.boot.test.autoconfigure.web.servlet.WebDriverTestExecutionListener, org.springframework.boot.test.autoconfigure.webservices.client.MockWebServiceServerTestExecutionListener, org.springframework.boot.test.mock.mockito.MockitoTestExecutionListener, org.springframework.boot.test.mock.mockito.ResetMocksTestExecutionListener, org.springframework.test.context.web.ServletTestExecutionListener, org.springframework.test.context.support.DirtiesContextBeforeModesTestExecutionListener, org.springframework.test.context.support.DependencyInjectionTestExecutionListener, org.springframework.test.context.support.DirtiesContextTestExecutionListener, org.springframework.test.context.transaction.TransactionalTestExecutionListener, org.springframework.test.context.jdbc.SqlScriptsTestExecutionListener, org.springframework.test.context.event.EventPublishingTestExecutionListener]
20:11:23.611 [Test worker] DEBUG org.springframework.boot.test.context.SpringBootTestContextBootstrapper - Skipping candidate TestExecutionListener [org.springframework.test.context.transaction.TransactionalTestExecutionListener] due to a missing dependency. Specify custom listener classes or make the default listener classes and their required dependencies available. Offending class: [org/springframework/transaction/interceptor/TransactionAttributeSource]
20:11:23.612 [Test worker] DEBUG org.springframework.boot.test.context.SpringBootTestContextBootstrapper - Skipping candidate TestExecutionListener [org.springframework.test.context.jdbc.SqlScriptsTestExecutionListener] due to a missing dependency. Specify custom listener classes or make the default listener classes and their required dependencies available. Offending class: [org/springframework/transaction/interceptor/TransactionAttribute]
20:11:23.613 [Test worker] INFO org.springframework.boot.test.context.SpringBootTestContextBootstrapper - Using TestExecutionListeners: [org.springframework.test.context.web.ServletTestExecutionListener@24db7254, org.springframework.test.context.support.DirtiesContextBeforeModesTestExecutionListener@7cd27f4d, org.springframework.boot.test.mock.mockito.MockitoTestExecutionListener@4ac9d6fd, org.springframework.boot.test.autoconfigure.SpringBootDependencyInjectionTestExecutionListener@46bd3de6, org.springframework.test.context.support.DirtiesContextTestExecutionListener@398baeb7, org.springframework.test.context.event.EventPublishingTestExecutionListener@564c96dc, org.springframework.boot.test.autoconfigure.restdocs.RestDocsTestExecutionListener@52b6ccd6, org.springframework.boot.test.autoconfigure.web.client.MockRestServiceServerResetTestExecutionListener@7d4b996b, org.springframework.boot.test.autoconfigure.web.servlet.MockMvcPrintOnlyOnFailureTestExecutionListener@19d16e63, org.springframework.boot.test.autoconfigure.web.servlet.WebDriverTestExecutionListener@2b99f1f3, org.springframework.boot.test.autoconfigure.webservices.client.MockWebServiceServerTestExecutionListener@4fad582a, org.springframework.boot.test.mock.mockito.ResetMocksTestExecutionListener@6e8c0075]
20:11:23.620 [Test worker] DEBUG org.springframework.test.context.support.AbstractDirtiesContextTestExecutionListener - Before test class: context [DefaultTestContext@914c99b testClass = PaperTest, testInstance = [null], testMethod = [null], testException = [null], mergedContextConfiguration = [WebMergedContextConfiguration@2a8970b1 testClass = PaperTest, locations = '{}', classes = '{class com.sp.fc.web.AuthorityTestApplication}', contextInitializerClasses = '[]', activeProfiles = '{}', propertySourceLocations = '{}', propertySourceProperties = '{org.springframework.boot.test.context.SpringBootTestContextBootstrapper=true, server.port=0}', contextCustomizers = set[org.springframework.boot.test.autoconfigure.actuate.metrics.MetricsExportContextCustomizerFactory$DisableMetricExportContextCustomizer@3806b32d, org.springframework.boot.test.autoconfigure.properties.PropertyMappingContextCustomizer@0, org.springframework.boot.test.autoconfigure.web.servlet.WebDriverContextCustomizerFactory$Customizer@3cff0ce7, org.springframework.boot.test.context.filter.ExcludeFilterContextCustomizer@67123360, org.springframework.boot.test.json.DuplicateJsonObjectContextCustomizerFactory$DuplicateJsonObjectContextCustomizer@5e41c5e5, org.springframework.boot.test.mock.mockito.MockitoContextCustomizer@0, org.springframework.boot.test.web.client.TestRestTemplateContextCustomizer@29be4547, org.springframework.boot.test.context.SpringBootTestArgs@1, org.springframework.boot.test.context.SpringBootTestWebEnvironment@6aeadba0], resourceBasePath = 'src/main/webapp', contextLoader = 'org.springframework.boot.test.context.SpringBootContextLoader', parent = [null]], attributes = map['org.springframework.test.context.web.ServletTestExecutionListener.activateListener' -> false]], class annotated with @DirtiesContext [false] with mode [null].
20:11:24.014 [Test worker] DEBUG org.springframework.test.context.support.DependencyInjectionTestExecutionListener - Performing dependency injection for test context [[DefaultTestContext@914c99b testClass = PaperTest, testInstance = com.sp.fc.web.test.PaperTest@4873bae3, testMethod = [null], testException = [null], mergedContextConfiguration = [WebMergedContextConfiguration@2a8970b1 testClass = PaperTest, locations = '{}', classes = '{class com.sp.fc.web.AuthorityTestApplication}', contextInitializerClasses = '[]', activeProfiles = '{}', propertySourceLocations = '{}', propertySourceProperties = '{org.springframework.boot.test.context.SpringBootTestContextBootstrapper=true, server.port=0}', contextCustomizers = set[org.springframework.boot.test.autoconfigure.actuate.metrics.MetricsExportContextCustomizerFactory$DisableMetricExportContextCustomizer@3806b32d, org.springframework.boot.test.autoconfigure.properties.PropertyMappingContextCustomizer@0, org.springframework.boot.test.autoconfigure.web.servlet.WebDriverContextCustomizerFactory$Customizer@3cff0ce7, org.springframework.boot.test.context.filter.ExcludeFilterContextCustomizer@67123360, org.springframework.boot.test.json.DuplicateJsonObjectContextCustomizerFactory$DuplicateJsonObjectContextCustomizer@5e41c5e5, org.springframework.boot.test.mock.mockito.MockitoContextCustomizer@0, org.springframework.boot.test.web.client.TestRestTemplateContextCustomizer@29be4547, org.springframework.boot.test.context.SpringBootTestArgs@1, org.springframework.boot.test.context.SpringBootTestWebEnvironment@6aeadba0], resourceBasePath = 'src/main/webapp', contextLoader = 'org.springframework.boot.test.context.SpringBootContextLoader', parent = [null]], attributes = map['org.springframework.test.context.web.ServletTestExecutionListener.activateListener' -> false]]].
20:11:24.047 [Test worker] DEBUG org.springframework.test.context.support.TestPropertySourceUtils - Adding inlined properties to environment: {spring.jmx.enabled=false, org.springframework.boot.test.context.SpringBootTestContextBootstrapper=true, server.port=0}

  .   ____          _            __ _ _
 /\\ / ___'_ __ _ _(_)_ __  __ _ \ \ \ \
( ( )\___ | '_ | '_| | '_ \/ _` | \ \ \ \
 \\/  ___)| |_)| | | | | || (_| |  ) ) ) )
  '  |____| .__|_| |_|_| |_\__, | / / / /
 =========|_|==============|___/=/_/_/_/
 :: Spring Boot ::                (v2.4.1)

2022-04-14 20:11:24.662  INFO 29564 --- [    Test worker] com.sp.fc.web.test.PaperTest             : Starting PaperTest using Java 11.0.12 on DESKTOP-F5OE147 with PID 29564 (started by user in C:\Users\user\IdeaProjects\education\sp-fastcampus-spring-sec - 복사본\server\authority-test)
2022-04-14 20:11:24.665  INFO 29564 --- [    Test worker] com.sp.fc.web.test.PaperTest             : No active profile set, falling back to default profiles: default
2022-04-14 20:11:26.719  INFO 29564 --- [    Test worker] o.s.b.w.embedded.tomcat.TomcatWebServer  : Tomcat initialized with port(s): 0 (http)
2022-04-14 20:11:26.741  INFO 29564 --- [    Test worker] o.apache.catalina.core.StandardService   : Starting service [Tomcat]
2022-04-14 20:11:26.742  INFO 29564 --- [    Test worker] org.apache.catalina.core.StandardEngine  : Starting Servlet engine: [Apache Tomcat/9.0.41]
2022-04-14 20:11:26.953  INFO 29564 --- [    Test worker] o.a.c.c.C.[Tomcat].[localhost].[/]       : Initializing Spring embedded WebApplicationContext
2022-04-14 20:11:26.954  INFO 29564 --- [    Test worker] w.s.c.ServletWebServerApplicationContext : Root WebApplicationContext: initialization completed in 2233 ms
2022-04-14 20:11:27.518  WARN 29564 --- [    Test worker] o.s.security.core.userdetails.User       : User.withDefaultPasswordEncoder() is considered unsafe for production and is only intended for sample applications.
2022-04-14 20:11:27.599  WARN 29564 --- [    Test worker] o.s.security.core.userdetails.User       : User.withDefaultPasswordEncoder() is considered unsafe for production and is only intended for sample applications.
2022-04-14 20:11:27.687  WARN 29564 --- [    Test worker] o.s.security.core.userdetails.User       : User.withDefaultPasswordEncoder() is considered unsafe for production and is only intended for sample applications.
2022-04-14 20:11:28.585  INFO 29564 --- [    Test worker] o.s.s.web.DefaultSecurityFilterChain     : Will secure any request with [org.springframework.security.web.context.request.async.WebAsyncManagerIntegrationFilter@15d9dec5, org.springframework.security.web.context.SecurityContextPersistenceFilter@7bba731b, org.springframework.security.web.header.HeaderWriterFilter@4047f421, org.springframework.security.web.authentication.logout.LogoutFilter@d9d9d51, org.springframework.security.web.authentication.www.BasicAuthenticationFilter@f2b4e03, org.springframework.security.web.savedrequest.RequestCacheAwareFilter@5ecfe5b7, org.springframework.security.web.servletapi.SecurityContextHolderAwareRequestFilter@5e03fd57, org.springframework.security.web.authentication.AnonymousAuthenticationFilter@1a075db9, org.springframework.security.web.session.SessionManagementFilter@52225eb4, org.springframework.security.web.access.ExceptionTranslationFilter@1a405cdc, org.springframework.security.web.access.intercept.FilterSecurityInterceptor@273c92b9]
2022-04-14 20:11:28.767  INFO 29564 --- [    Test worker] o.s.s.concurrent.ThreadPoolTaskExecutor  : Initializing ExecutorService 'applicationTaskExecutor'
2022-04-14 20:11:29.244  INFO 29564 --- [    Test worker] .s.s.UserDetailsServiceAutoConfiguration : 

Using generated security password: 01ee3a00-be13-495a-a4b1-5c9f13c7754f

2022-04-14 20:11:29.300  INFO 29564 --- [    Test worker] o.s.b.w.embedded.tomcat.TomcatWebServer  : Tomcat started on port(s): 6075 (http) with context path ''
2022-04-14 20:11:29.317  INFO 29564 --- [    Test worker] com.sp.fc.web.test.PaperTest             : Started PaperTest in 5.264 seconds (JVM running for 7.77)
2022-04-14 20:11:30.278  INFO 29564 --- [o-auto-1-exec-1] o.a.c.c.C.[Tomcat].[localhost].[/]       : Initializing Spring DispatcherServlet 'dispatcherServlet'
2022-04-14 20:11:30.279  INFO 29564 --- [o-auto-1-exec-1] o.s.web.servlet.DispatcherServlet        : Initializing Servlet 'dispatcherServlet'
2022-04-14 20:11:30.280  INFO 29564 --- [o-auto-1-exec-1] o.s.web.servlet.DispatcherServlet        : Completed initialization in 1 ms
2022-04-14 20:11:30.933  WARN 29564 --- [o-auto-1-exec-1] o.a.c.util.SessionIdGeneratorBase        : Creation of SecureRandom instance for session ID generation using [SHA1PRNG] took [481] milliseconds.
[Paper(paperId=1, title=시험지1, tutorId=tutor, studentIds=[user1], state=PREPARE)]
]]></system-out>
  <system-err><![CDATA[]]></system-err>
</testsuite>
