<?xml version="1.0" encoding="UTF-8"?>
<testsuite name="com.sp.fc.AuthorityBasicTest" tests="1" skipped="0" failures="0" errors="0" timestamp="2022-04-13T09:39:50" hostname="DESKTOP-F5OE147" time="1.61">
  <properties/>
  <testcase name="1. greeting 메세지 불러오기" classname="com.sp.fc.AuthorityBasicTest" time="1.61"/>
  <system-out><![CDATA[18:39:44.346 [Test worker] DEBUG org.springframework.test.context.BootstrapUtils - Instantiating CacheAwareContextLoaderDelegate from class [org.springframework.test.context.cache.DefaultCacheAwareContextLoaderDelegate]
18:39:44.367 [Test worker] DEBUG org.springframework.test.context.BootstrapUtils - Instantiating BootstrapContext using constructor [public org.springframework.test.context.support.DefaultBootstrapContext(java.lang.Class,org.springframework.test.context.CacheAwareContextLoaderDelegate)]
18:39:44.418 [Test worker] DEBUG org.springframework.test.context.BootstrapUtils - Instantiating TestContextBootstrapper for test class [com.sp.fc.AuthorityBasicTest] from class [org.springframework.boot.test.context.SpringBootTestContextBootstrapper]
18:39:44.442 [Test worker] INFO org.springframework.boot.test.context.SpringBootTestContextBootstrapper - Neither @ContextConfiguration nor @ContextHierarchy found for test class [com.sp.fc.AuthorityBasicTest], using SpringBootContextLoader
18:39:44.450 [Test worker] DEBUG org.springframework.test.context.support.AbstractContextLoader - Did not detect default resource location for test class [com.sp.fc.AuthorityBasicTest]: class path resource [com/sp/fc/AuthorityBasicTest-context.xml] does not exist
18:39:44.451 [Test worker] DEBUG org.springframework.test.context.support.AbstractContextLoader - Did not detect default resource location for test class [com.sp.fc.AuthorityBasicTest]: class path resource [com/sp/fc/AuthorityBasicTestContext.groovy] does not exist
18:39:44.451 [Test worker] INFO org.springframework.test.context.support.AbstractContextLoader - Could not detect default resource locations for test class [com.sp.fc.AuthorityBasicTest]: no resource found for suffixes {-context.xml, Context.groovy}.
18:39:44.528 [Test worker] DEBUG org.springframework.test.context.support.ActiveProfilesUtils - Could not find an 'annotation declaring class' for annotation type [org.springframework.test.context.ActiveProfiles] and class [com.sp.fc.AuthorityBasicTest]
18:39:44.728 [Test worker] DEBUG org.springframework.boot.test.context.SpringBootTestContextBootstrapper - @TestExecutionListeners is not present for class [com.sp.fc.AuthorityBasicTest]: using defaults.
18:39:44.729 [Test worker] INFO org.springframework.boot.test.context.SpringBootTestContextBootstrapper - Loaded default TestExecutionListener class names from location [META-INF/spring.factories]: [org.springframework.boot.test.autoconfigure.restdocs.RestDocsTestExecutionListener, org.springframework.boot.test.autoconfigure.web.client.MockRestServiceServerResetTestExecutionListener, org.springframework.boot.test.autoconfigure.web.servlet.MockMvcPrintOnlyOnFailureTestExecutionListener, org.springframework.boot.test.autoconfigure.web.servlet.WebDriverTestExecutionListener, org.springframework.boot.test.autoconfigure.webservices.client.MockWebServiceServerTestExecutionListener, org.springframework.boot.test.mock.mockito.MockitoTestExecutionListener, org.springframework.boot.test.mock.mockito.ResetMocksTestExecutionListener, org.springframework.test.context.web.ServletTestExecutionListener, org.springframework.test.context.support.DirtiesContextBeforeModesTestExecutionListener, org.springframework.test.context.support.DependencyInjectionTestExecutionListener, org.springframework.test.context.support.DirtiesContextTestExecutionListener, org.springframework.test.context.transaction.TransactionalTestExecutionListener, org.springframework.test.context.jdbc.SqlScriptsTestExecutionListener, org.springframework.test.context.event.EventPublishingTestExecutionListener]
18:39:44.750 [Test worker] DEBUG org.springframework.boot.test.context.SpringBootTestContextBootstrapper - Skipping candidate TestExecutionListener [org.springframework.test.context.transaction.TransactionalTestExecutionListener] due to a missing dependency. Specify custom listener classes or make the default listener classes and their required dependencies available. Offending class: [org/springframework/transaction/interceptor/TransactionAttributeSource]
18:39:44.751 [Test worker] DEBUG org.springframework.boot.test.context.SpringBootTestContextBootstrapper - Skipping candidate TestExecutionListener [org.springframework.test.context.jdbc.SqlScriptsTestExecutionListener] due to a missing dependency. Specify custom listener classes or make the default listener classes and their required dependencies available. Offending class: [org/springframework/transaction/interceptor/TransactionAttribute]
18:39:44.752 [Test worker] INFO org.springframework.boot.test.context.SpringBootTestContextBootstrapper - Using TestExecutionListeners: [org.springframework.test.context.web.ServletTestExecutionListener@73740e7b, org.springframework.test.context.support.DirtiesContextBeforeModesTestExecutionListener@79196b9a, org.springframework.boot.test.mock.mockito.MockitoTestExecutionListener@415c0d92, org.springframework.boot.test.autoconfigure.SpringBootDependencyInjectionTestExecutionListener@4ac85a11, org.springframework.test.context.support.DirtiesContextTestExecutionListener@191c92e5, org.springframework.test.context.event.EventPublishingTestExecutionListener@2b6b6fe7, org.springframework.boot.test.autoconfigure.restdocs.RestDocsTestExecutionListener@a7ac785, org.springframework.boot.test.autoconfigure.web.client.MockRestServiceServerResetTestExecutionListener@2ea0c09, org.springframework.boot.test.autoconfigure.web.servlet.MockMvcPrintOnlyOnFailureTestExecutionListener@7f9c2d0b, org.springframework.boot.test.autoconfigure.web.servlet.WebDriverTestExecutionListener@ff86148, org.springframework.boot.test.autoconfigure.webservices.client.MockWebServiceServerTestExecutionListener@5362c9dd, org.springframework.boot.test.mock.mockito.ResetMocksTestExecutionListener@13a1dfc]
18:39:44.759 [Test worker] DEBUG org.springframework.test.context.support.AbstractDirtiesContextTestExecutionListener - Before test class: context [DefaultTestContext@4b6b00e9 testClass = AuthorityBasicTest, testInstance = [null], testMethod = [null], testException = [null], mergedContextConfiguration = [WebMergedContextConfiguration@47414cbf testClass = AuthorityBasicTest, locations = '{}', classes = '{class com.sp.fc.web.AuthorityTestApplication, class com.sp.fc.web.AuthorityTestApplication}', contextInitializerClasses = '[]', activeProfiles = '{}', propertySourceLocations = '{}', propertySourceProperties = '{org.springframework.boot.test.context.SpringBootTestContextBootstrapper=true, server.port=0}', contextCustomizers = set[org.springframework.boot.test.autoconfigure.actuate.metrics.MetricsExportContextCustomizerFactory$DisableMetricExportContextCustomizer@32410a95, org.springframework.boot.test.autoconfigure.properties.PropertyMappingContextCustomizer@0, org.springframework.boot.test.autoconfigure.web.servlet.WebDriverContextCustomizerFactory$Customizer@184fc471, org.springframework.boot.test.context.filter.ExcludeFilterContextCustomizer@470d6f77, org.springframework.boot.test.json.DuplicateJsonObjectContextCustomizerFactory$DuplicateJsonObjectContextCustomizer@45f2af4a, org.springframework.boot.test.mock.mockito.MockitoContextCustomizer@0, org.springframework.boot.test.web.client.TestRestTemplateContextCustomizer@1ec5959f, org.springframework.boot.test.context.SpringBootTestArgs@1, org.springframework.boot.test.context.SpringBootTestWebEnvironment@3fbc20b5], resourceBasePath = 'src/main/webapp', contextLoader = 'org.springframework.boot.test.context.SpringBootContextLoader', parent = [null]], attributes = map['org.springframework.test.context.web.ServletTestExecutionListener.activateListener' -> false]], class annotated with @DirtiesContext [false] with mode [null].
18:39:44.777 [Test worker] DEBUG org.springframework.test.context.support.DependencyInjectionTestExecutionListener - Performing dependency injection for test context [[DefaultTestContext@4b6b00e9 testClass = AuthorityBasicTest, testInstance = com.sp.fc.AuthorityBasicTest@70a44c4a, testMethod = [null], testException = [null], mergedContextConfiguration = [WebMergedContextConfiguration@47414cbf testClass = AuthorityBasicTest, locations = '{}', classes = '{class com.sp.fc.web.AuthorityTestApplication, class com.sp.fc.web.AuthorityTestApplication}', contextInitializerClasses = '[]', activeProfiles = '{}', propertySourceLocations = '{}', propertySourceProperties = '{org.springframework.boot.test.context.SpringBootTestContextBootstrapper=true, server.port=0}', contextCustomizers = set[org.springframework.boot.test.autoconfigure.actuate.metrics.MetricsExportContextCustomizerFactory$DisableMetricExportContextCustomizer@32410a95, org.springframework.boot.test.autoconfigure.properties.PropertyMappingContextCustomizer@0, org.springframework.boot.test.autoconfigure.web.servlet.WebDriverContextCustomizerFactory$Customizer@184fc471, org.springframework.boot.test.context.filter.ExcludeFilterContextCustomizer@470d6f77, org.springframework.boot.test.json.DuplicateJsonObjectContextCustomizerFactory$DuplicateJsonObjectContextCustomizer@45f2af4a, org.springframework.boot.test.mock.mockito.MockitoContextCustomizer@0, org.springframework.boot.test.web.client.TestRestTemplateContextCustomizer@1ec5959f, org.springframework.boot.test.context.SpringBootTestArgs@1, org.springframework.boot.test.context.SpringBootTestWebEnvironment@3fbc20b5], resourceBasePath = 'src/main/webapp', contextLoader = 'org.springframework.boot.test.context.SpringBootContextLoader', parent = [null]], attributes = map['org.springframework.test.context.web.ServletTestExecutionListener.activateListener' -> false]]].
18:39:44.823 [Test worker] DEBUG org.springframework.test.context.support.TestPropertySourceUtils - Adding inlined properties to environment: {spring.jmx.enabled=false, org.springframework.boot.test.context.SpringBootTestContextBootstrapper=true, server.port=0}

  .   ____          _            __ _ _
 /\\ / ___'_ __ _ _(_)_ __  __ _ \ \ \ \
( ( )\___ | '_ | '_| | '_ \/ _` | \ \ \ \
 \\/  ___)| |_)| | | | | || (_| |  ) ) ) )
  '  |____| .__|_| |_|_| |_\__, | / / / /
 =========|_|==============|___/=/_/_/_/
 :: Spring Boot ::                (v2.4.1)

2022-04-13 18:39:45.450  INFO 75284 --- [    Test worker] com.sp.fc.AuthorityBasicTest             : Starting AuthorityBasicTest using Java 11.0.12 on DESKTOP-F5OE147 with PID 75284 (started by user in C:\Users\user\IdeaProjects\education\sp-fastcampus-spring-sec - 복사본\server\authority-test)
2022-04-13 18:39:45.453  INFO 75284 --- [    Test worker] com.sp.fc.AuthorityBasicTest             : No active profile set, falling back to default profiles: default
2022-04-13 18:39:47.522  INFO 75284 --- [    Test worker] o.s.b.w.embedded.tomcat.TomcatWebServer  : Tomcat initialized with port(s): 0 (http)
2022-04-13 18:39:47.541  INFO 75284 --- [    Test worker] o.apache.catalina.core.StandardService   : Starting service [Tomcat]
2022-04-13 18:39:47.541  INFO 75284 --- [    Test worker] org.apache.catalina.core.StandardEngine  : Starting Servlet engine: [Apache Tomcat/9.0.41]
2022-04-13 18:39:47.804  INFO 75284 --- [    Test worker] o.a.c.c.C.[Tomcat].[localhost].[/]       : Initializing Spring embedded WebApplicationContext
2022-04-13 18:39:47.804  INFO 75284 --- [    Test worker] w.s.c.ServletWebServerApplicationContext : Root WebApplicationContext: initialization completed in 2278 ms
2022-04-13 18:39:48.628  WARN 75284 --- [    Test worker] o.s.security.core.userdetails.User       : User.withDefaultPasswordEncoder() is considered unsafe for production and is only intended for sample applications.
2022-04-13 18:39:49.606  INFO 75284 --- [    Test worker] o.s.s.web.DefaultSecurityFilterChain     : Will secure any request with [org.springframework.security.web.context.request.async.WebAsyncManagerIntegrationFilter@70e9f697, org.springframework.security.web.context.SecurityContextPersistenceFilter@6ad11787, org.springframework.security.web.header.HeaderWriterFilter@20972b9, org.springframework.security.web.authentication.logout.LogoutFilter@1c3744c8, org.springframework.security.web.authentication.www.BasicAuthenticationFilter@460ff8c5, org.springframework.security.web.savedrequest.RequestCacheAwareFilter@55447a87, org.springframework.security.web.servletapi.SecurityContextHolderAwareRequestFilter@27672cc, org.springframework.security.web.authentication.AnonymousAuthenticationFilter@4f083ab8, org.springframework.security.web.session.SessionManagementFilter@6c26c754, org.springframework.security.web.access.ExceptionTranslationFilter@a7eeaf5, org.springframework.security.web.access.intercept.FilterSecurityInterceptor@17b976aa]
2022-04-13 18:39:49.918  INFO 75284 --- [    Test worker] o.s.s.concurrent.ThreadPoolTaskExecutor  : Initializing ExecutorService 'applicationTaskExecutor'
2022-04-13 18:39:50.309  INFO 75284 --- [    Test worker] .s.s.UserDetailsServiceAutoConfiguration : 

Using generated security password: 90a1c78f-6d27-4f8f-a125-0eb7884a099f

2022-04-13 18:39:50.374  INFO 75284 --- [    Test worker] o.s.b.w.embedded.tomcat.TomcatWebServer  : Tomcat started on port(s): 9849 (http) with context path ''
2022-04-13 18:39:50.395  INFO 75284 --- [    Test worker] com.sp.fc.AuthorityBasicTest             : Started AuthorityBasicTest in 5.567 seconds (JVM running for 7.591)
2022-04-13 18:39:51.202  INFO 75284 --- [o-auto-1-exec-1] o.a.c.c.C.[Tomcat].[localhost].[/]       : Initializing Spring DispatcherServlet 'dispatcherServlet'
2022-04-13 18:39:51.203  INFO 75284 --- [o-auto-1-exec-1] o.s.web.servlet.DispatcherServlet        : Initializing Servlet 'dispatcherServlet'
2022-04-13 18:39:51.204  INFO 75284 --- [o-auto-1-exec-1] o.s.web.servlet.DispatcherServlet        : Completed initialization in 1 ms
2022-04-13 18:39:51.908  WARN 75284 --- [o-auto-1-exec-1] o.a.c.util.SessionIdGeneratorBase        : Creation of SecureRandom instance for session ID generation using [SHA1PRNG] took [528] milliseconds.
hello jinyoung
]]></system-out>
  <system-err><![CDATA[]]></system-err>
</testsuite>
