<?xml version="1.0" encoding="UTF-8"?>
<testsuite name="com.sp.fc.web.CachTest" tests="1" skipped="0" failures="0" errors="0" timestamp="2022-04-18T09:43:33" hostname="DESKTOP-F5OE147" time="0.366">
  <properties/>
  <testcase name="1. 조회한 Paper 는 캐시에 등록된다." classname="com.sp.fc.web.CachTest" time="0.366"/>
  <system-out><![CDATA[18:43:23.407 [Test worker] DEBUG org.springframework.test.context.BootstrapUtils - Instantiating CacheAwareContextLoaderDelegate from class [org.springframework.test.context.cache.DefaultCacheAwareContextLoaderDelegate]
18:43:23.428 [Test worker] DEBUG org.springframework.test.context.BootstrapUtils - Instantiating BootstrapContext using constructor [public org.springframework.test.context.support.DefaultBootstrapContext(java.lang.Class,org.springframework.test.context.CacheAwareContextLoaderDelegate)]
18:43:23.477 [Test worker] DEBUG org.springframework.test.context.BootstrapUtils - Instantiating TestContextBootstrapper for test class [com.sp.fc.web.CachTest] from class [org.springframework.boot.test.context.SpringBootTestContextBootstrapper]
18:43:23.498 [Test worker] INFO org.springframework.boot.test.context.SpringBootTestContextBootstrapper - Neither @ContextConfiguration nor @ContextHierarchy found for test class [com.sp.fc.web.CachTest], using SpringBootContextLoader
18:43:23.504 [Test worker] DEBUG org.springframework.test.context.support.AbstractContextLoader - Did not detect default resource location for test class [com.sp.fc.web.CachTest]: class path resource [com/sp/fc/web/CachTest-context.xml] does not exist
18:43:23.505 [Test worker] DEBUG org.springframework.test.context.support.AbstractContextLoader - Did not detect default resource location for test class [com.sp.fc.web.CachTest]: class path resource [com/sp/fc/web/CachTestContext.groovy] does not exist
18:43:23.506 [Test worker] INFO org.springframework.test.context.support.AbstractContextLoader - Could not detect default resource locations for test class [com.sp.fc.web.CachTest]: no resource found for suffixes {-context.xml, Context.groovy}.
18:43:23.589 [Test worker] DEBUG org.springframework.test.context.support.ActiveProfilesUtils - Could not find an 'annotation declaring class' for annotation type [org.springframework.test.context.ActiveProfiles] and class [com.sp.fc.web.CachTest]
18:43:23.771 [Test worker] DEBUG org.springframework.boot.test.context.SpringBootTestContextBootstrapper - @TestExecutionListeners is not present for class [com.sp.fc.web.CachTest]: using defaults.
18:43:23.772 [Test worker] INFO org.springframework.boot.test.context.SpringBootTestContextBootstrapper - Loaded default TestExecutionListener class names from location [META-INF/spring.factories]: [org.springframework.boot.test.autoconfigure.restdocs.RestDocsTestExecutionListener, org.springframework.boot.test.autoconfigure.web.client.MockRestServiceServerResetTestExecutionListener, org.springframework.boot.test.autoconfigure.web.servlet.MockMvcPrintOnlyOnFailureTestExecutionListener, org.springframework.boot.test.autoconfigure.web.servlet.WebDriverTestExecutionListener, org.springframework.boot.test.autoconfigure.webservices.client.MockWebServiceServerTestExecutionListener, org.springframework.boot.test.mock.mockito.MockitoTestExecutionListener, org.springframework.boot.test.mock.mockito.ResetMocksTestExecutionListener, org.springframework.test.context.web.ServletTestExecutionListener, org.springframework.test.context.support.DirtiesContextBeforeModesTestExecutionListener, org.springframework.test.context.support.DependencyInjectionTestExecutionListener, org.springframework.test.context.support.DirtiesContextTestExecutionListener, org.springframework.test.context.transaction.TransactionalTestExecutionListener, org.springframework.test.context.jdbc.SqlScriptsTestExecutionListener, org.springframework.test.context.event.EventPublishingTestExecutionListener]
18:43:23.797 [Test worker] INFO org.springframework.boot.test.context.SpringBootTestContextBootstrapper - Using TestExecutionListeners: [org.springframework.test.context.web.ServletTestExecutionListener@628faa25, org.springframework.test.context.support.DirtiesContextBeforeModesTestExecutionListener@528244d3, org.springframework.boot.test.mock.mockito.MockitoTestExecutionListener@4e0b8bc3, org.springframework.boot.test.autoconfigure.SpringBootDependencyInjectionTestExecutionListener@1ad66f08, org.springframework.test.context.support.DirtiesContextTestExecutionListener@51730f5, org.springframework.test.context.transaction.TransactionalTestExecutionListener@45f34858, org.springframework.test.context.jdbc.SqlScriptsTestExecutionListener@573486b6, org.springframework.test.context.event.EventPublishingTestExecutionListener@7e331d77, org.springframework.boot.test.autoconfigure.restdocs.RestDocsTestExecutionListener@421f1adc, org.springframework.boot.test.autoconfigure.web.client.MockRestServiceServerResetTestExecutionListener@1d713b4f, org.springframework.boot.test.autoconfigure.web.servlet.MockMvcPrintOnlyOnFailureTestExecutionListener@6e030f61, org.springframework.boot.test.autoconfigure.web.servlet.WebDriverTestExecutionListener@83d7f73, org.springframework.boot.test.autoconfigure.webservices.client.MockWebServiceServerTestExecutionListener@32ce5d52, org.springframework.boot.test.mock.mockito.ResetMocksTestExecutionListener@26f1a307]
18:43:23.804 [Test worker] DEBUG org.springframework.test.context.support.AbstractDirtiesContextTestExecutionListener - Before test class: context [DefaultTestContext@24b19a88 testClass = CachTest, testInstance = [null], testMethod = [null], testException = [null], mergedContextConfiguration = [WebMergedContextConfiguration@3c76bf6c testClass = CachTest, locations = '{}', classes = '{class com.sp.fc.web.AuthorityACLApplication, class com.sp.fc.web.AuthorityACLApplication}', contextInitializerClasses = '[]', activeProfiles = '{}', propertySourceLocations = '{}', propertySourceProperties = '{org.springframework.boot.test.context.SpringBootTestContextBootstrapper=true}', contextCustomizers = set[org.springframework.boot.test.autoconfigure.actuate.metrics.MetricsExportContextCustomizerFactory$DisableMetricExportContextCustomizer@7d751c37, org.springframework.boot.test.autoconfigure.properties.PropertyMappingContextCustomizer@0, org.springframework.boot.test.autoconfigure.web.servlet.WebDriverContextCustomizerFactory$Customizer@4f81b71f, org.springframework.boot.test.context.filter.ExcludeFilterContextCustomizer@8178bfd, org.springframework.boot.test.json.DuplicateJsonObjectContextCustomizerFactory$DuplicateJsonObjectContextCustomizer@267e85dc, org.springframework.boot.test.mock.mockito.MockitoContextCustomizer@0, org.springframework.boot.test.web.client.TestRestTemplateContextCustomizer@77e008c2, org.springframework.boot.test.context.SpringBootTestArgs@1, org.springframework.boot.test.context.SpringBootTestWebEnvironment@6de80457], resourceBasePath = 'src/main/webapp', contextLoader = 'org.springframework.boot.test.context.SpringBootContextLoader', parent = [null]], attributes = map['org.springframework.test.context.web.ServletTestExecutionListener.activateListener' -> true]], class annotated with @DirtiesContext [false] with mode [null].
18:43:23.860 [Test worker] DEBUG org.springframework.test.context.support.TestPropertySourceUtils - Adding inlined properties to environment: {spring.jmx.enabled=false, org.springframework.boot.test.context.SpringBootTestContextBootstrapper=true}

  .   ____          _            __ _ _
 /\\ / ___'_ __ _ _(_)_ __  __ _ \ \ \ \
( ( )\___ | '_ | '_| | '_ \/ _` | \ \ \ \
 \\/  ___)| |_)| | | | | || (_| |  ) ) ) )
  '  |____| .__|_| |_|_| |_\__, | / / / /
 =========|_|==============|___/=/_/_/_/
 :: Spring Boot ::                (v2.4.1)

2022-04-18 18:43:24.375  INFO 35264 --- [    Test worker] com.sp.fc.web.CachTest                   : Starting CachTest using Java 11.0.12 on DESKTOP-F5OE147 with PID 35264 (started by user in C:\Users\user\IdeaProjects\education\sp-fastcampus-spring-sec - 복사본\server\authority-acl)
2022-04-18 18:43:24.381  INFO 35264 --- [    Test worker] com.sp.fc.web.CachTest                   : No active profile set, falling back to default profiles: default
2022-04-18 18:43:25.493  INFO 35264 --- [    Test worker] .s.d.r.c.RepositoryConfigurationDelegate : Bootstrapping Spring Data JPA repositories in DEFAULT mode.
2022-04-18 18:43:25.568  INFO 35264 --- [    Test worker] .s.d.r.c.RepositoryConfigurationDelegate : Finished Spring Data repository scanning in 65 ms. Found 1 JPA repository interfaces.
2022-04-18 18:43:26.685  INFO 35264 --- [    Test worker] o.hibernate.jpa.internal.util.LogHelper  : HHH000204: Processing PersistenceUnitInfo [name: default]
2022-04-18 18:43:26.776  INFO 35264 --- [    Test worker] org.hibernate.Version                    : HHH000412: Hibernate ORM core version 5.4.25.Final
2022-04-18 18:43:27.030  INFO 35264 --- [    Test worker] o.hibernate.annotations.common.Version   : HCANN000001: Hibernate Commons Annotations {5.1.2.Final}
2022-04-18 18:43:27.251  INFO 35264 --- [    Test worker] com.zaxxer.hikari.HikariDataSource       : HikariPool-1 - Starting...
2022-04-18 18:43:27.689  INFO 35264 --- [    Test worker] com.zaxxer.hikari.HikariDataSource       : HikariPool-1 - Start completed.
2022-04-18 18:43:27.750  INFO 35264 --- [    Test worker] org.hibernate.dialect.Dialect            : HHH000400: Using dialect: org.hibernate.dialect.MySQL8Dialect
2022-04-18 18:43:29.112  INFO 35264 --- [    Test worker] o.h.e.t.j.p.i.JtaPlatformInitiator       : HHH000490: Using JtaPlatform implementation: [org.hibernate.engine.transaction.jta.platform.internal.NoJtaPlatform]
2022-04-18 18:43:29.124  INFO 35264 --- [    Test worker] j.LocalContainerEntityManagerFactoryBean : Initialized JPA EntityManagerFactory for persistence unit 'default'
2022-04-18 18:43:29.187  INFO 35264 --- [    Test worker] o.s.c.ehcache.EhCacheManagerFactoryBean  : Initializing EhCache CacheManager
2022-04-18 18:43:29.272  INFO 35264 --- [    Test worker] n.s.e.p.s.filter.AnnotationSizeOfFilter  : Using regular expression provided through VM argument net.sf.ehcache.pool.sizeof.ignore.pattern for IgnoreSizeOf annotation : ^.*cache\..*IgnoreSizeOf$
2022-04-18 18:43:29.337  INFO 35264 --- [    Test worker] n.sf.ehcache.pool.sizeof.JvmInformation  : Detected JVM data model settings of: 64-Bit HotSpot JVM with Compressed OOPs
2022-04-18 18:43:29.366  INFO 35264 --- [    Test worker] net.sf.ehcache.pool.sizeof.AgentLoader   : Failed to attach to VM and load the agent: class java.io.IOException: Can not attach to current VM
2022-04-18 18:43:29.370  INFO 35264 --- [    Test worker] n.s.e.pool.impl.DefaultSizeOfEngine      : using Unsafe sizeof engine
2022-04-18 18:43:30.116  WARN 35264 --- [    Test worker] JpaBaseConfiguration$JpaWebConfiguration : spring.jpa.open-in-view is enabled by default. Therefore, database queries may be performed during view rendering. Explicitly configure spring.jpa.open-in-view to disable this warning
2022-04-18 18:43:30.913  INFO 35264 --- [    Test worker] o.s.s.concurrent.ThreadPoolTaskExecutor  : Initializing ExecutorService 'applicationTaskExecutor'
2022-04-18 18:43:32.948  INFO 35264 --- [    Test worker] .s.s.UserDetailsServiceAutoConfiguration : 

Using generated security password: 335c036a-5804-42ad-a4a0-e44e8cc664f0

2022-04-18 18:43:33.392  INFO 35264 --- [    Test worker] o.s.s.web.DefaultSecurityFilterChain     : Will secure any request with [org.springframework.security.web.context.request.async.WebAsyncManagerIntegrationFilter@3775845d, org.springframework.security.web.context.SecurityContextPersistenceFilter@c7213c6, org.springframework.security.web.header.HeaderWriterFilter@360d22d5, org.springframework.security.web.csrf.CsrfFilter@627ef21, org.springframework.security.web.authentication.logout.LogoutFilter@5d77a56c, org.springframework.security.web.authentication.UsernamePasswordAuthenticationFilter@3a5f0234, org.springframework.security.web.authentication.ui.DefaultLoginPageGeneratingFilter@37656edb, org.springframework.security.web.authentication.ui.DefaultLogoutPageGeneratingFilter@6e126234, org.springframework.security.web.authentication.www.BasicAuthenticationFilter@2917e55a, org.springframework.security.web.savedrequest.RequestCacheAwareFilter@6c94c473, org.springframework.security.web.servletapi.SecurityContextHolderAwareRequestFilter@30d1437, org.springframework.security.web.authentication.AnonymousAuthenticationFilter@78b96799, org.springframework.security.web.session.SessionManagementFilter@1c43674d, org.springframework.security.web.access.ExceptionTranslationFilter@17371194, org.springframework.security.web.access.intercept.FilterSecurityInterceptor@14c9001b]
2022-04-18 18:43:33.699  INFO 35264 --- [    Test worker] com.sp.fc.web.CachTest                   : Started CachTest in 9.827 seconds (JVM running for 11.907)
Hibernate: select paper0_.id as id1_0_0_, paper0_.state as state2_0_0_, paper0_.title as title3_0_0_, paper0_.tutor_id as tutor_id4_0_0_ from paper paper0_ where paper0_.id=?
Hibernate: select paper0_.id as id1_0_0_, paper0_.state as state2_0_0_, paper0_.title as title3_0_0_, paper0_.tutor_id as tutor_id4_0_0_ from paper paper0_ where paper0_.id=?
캐시 : true
성공 : Optional[Paper(id=1, title=paper1, tutorId=null, state=null)]
]]></system-out>
  <system-err><![CDATA[]]></system-err>
</testsuite>
