<?xml version="1.0" encoding="UTF-8"?>
<testsuite name="com.sp.fc.web.PaperTest" tests="1" skipped="0" failures="0" errors="0" timestamp="2022-04-18T11:16:17" hostname="DESKTOP-F5OE147" time="248.554">
  <properties/>
  <testcase name="1. student1이 1L 시험지를 가져온다." classname="com.sp.fc.web.PaperTest" time="248.554"/>
  <system-out><![CDATA[20:16:08.403 [Test worker] DEBUG org.springframework.test.context.BootstrapUtils - Instantiating CacheAwareContextLoaderDelegate from class [org.springframework.test.context.cache.DefaultCacheAwareContextLoaderDelegate]
20:16:08.422 [Test worker] DEBUG org.springframework.test.context.BootstrapUtils - Instantiating BootstrapContext using constructor [public org.springframework.test.context.support.DefaultBootstrapContext(java.lang.Class,org.springframework.test.context.CacheAwareContextLoaderDelegate)]
20:16:08.477 [Test worker] DEBUG org.springframework.test.context.BootstrapUtils - Instantiating TestContextBootstrapper for test class [com.sp.fc.web.PaperTest] from class [org.springframework.boot.test.context.SpringBootTestContextBootstrapper]
20:16:08.495 [Test worker] INFO org.springframework.boot.test.context.SpringBootTestContextBootstrapper - Neither @ContextConfiguration nor @ContextHierarchy found for test class [com.sp.fc.web.PaperTest], using SpringBootContextLoader
20:16:08.500 [Test worker] DEBUG org.springframework.test.context.support.AbstractContextLoader - Did not detect default resource location for test class [com.sp.fc.web.PaperTest]: class path resource [com/sp/fc/web/PaperTest-context.xml] does not exist
20:16:08.502 [Test worker] DEBUG org.springframework.test.context.support.AbstractContextLoader - Did not detect default resource location for test class [com.sp.fc.web.PaperTest]: class path resource [com/sp/fc/web/PaperTestContext.groovy] does not exist
20:16:08.502 [Test worker] INFO org.springframework.test.context.support.AbstractContextLoader - Could not detect default resource locations for test class [com.sp.fc.web.PaperTest]: no resource found for suffixes {-context.xml, Context.groovy}.
20:16:08.576 [Test worker] DEBUG org.springframework.test.context.support.ActiveProfilesUtils - Could not find an 'annotation declaring class' for annotation type [org.springframework.test.context.ActiveProfiles] and class [com.sp.fc.web.PaperTest]
20:16:08.763 [Test worker] DEBUG org.springframework.boot.test.context.SpringBootTestContextBootstrapper - @TestExecutionListeners is not present for class [com.sp.fc.web.PaperTest]: using defaults.
20:16:08.763 [Test worker] INFO org.springframework.boot.test.context.SpringBootTestContextBootstrapper - Loaded default TestExecutionListener class names from location [META-INF/spring.factories]: [org.springframework.boot.test.autoconfigure.restdocs.RestDocsTestExecutionListener, org.springframework.boot.test.autoconfigure.web.client.MockRestServiceServerResetTestExecutionListener, org.springframework.boot.test.autoconfigure.web.servlet.MockMvcPrintOnlyOnFailureTestExecutionListener, org.springframework.boot.test.autoconfigure.web.servlet.WebDriverTestExecutionListener, org.springframework.boot.test.autoconfigure.webservices.client.MockWebServiceServerTestExecutionListener, org.springframework.boot.test.mock.mockito.MockitoTestExecutionListener, org.springframework.boot.test.mock.mockito.ResetMocksTestExecutionListener, org.springframework.test.context.web.ServletTestExecutionListener, org.springframework.test.context.support.DirtiesContextBeforeModesTestExecutionListener, org.springframework.test.context.support.DependencyInjectionTestExecutionListener, org.springframework.test.context.support.DirtiesContextTestExecutionListener, org.springframework.test.context.transaction.TransactionalTestExecutionListener, org.springframework.test.context.jdbc.SqlScriptsTestExecutionListener, org.springframework.test.context.event.EventPublishingTestExecutionListener]
20:16:08.790 [Test worker] INFO org.springframework.boot.test.context.SpringBootTestContextBootstrapper - Using TestExecutionListeners: [org.springframework.test.context.web.ServletTestExecutionListener@91b272c, org.springframework.test.context.support.DirtiesContextBeforeModesTestExecutionListener@36d4eb51, org.springframework.boot.test.mock.mockito.MockitoTestExecutionListener@2fbed421, org.springframework.boot.test.autoconfigure.SpringBootDependencyInjectionTestExecutionListener@1bcafd6c, org.springframework.test.context.support.DirtiesContextTestExecutionListener@4b388b7e, org.springframework.test.context.transaction.TransactionalTestExecutionListener@5a276f2b, org.springframework.test.context.jdbc.SqlScriptsTestExecutionListener@361b792, org.springframework.test.context.event.EventPublishingTestExecutionListener@4f8c1b0f, org.springframework.boot.test.autoconfigure.restdocs.RestDocsTestExecutionListener@40600afb, org.springframework.boot.test.autoconfigure.web.client.MockRestServiceServerResetTestExecutionListener@21df7beb, org.springframework.boot.test.autoconfigure.web.servlet.MockMvcPrintOnlyOnFailureTestExecutionListener@2f8c8565, org.springframework.boot.test.autoconfigure.web.servlet.WebDriverTestExecutionListener@f7a7f8, org.springframework.boot.test.autoconfigure.webservices.client.MockWebServiceServerTestExecutionListener@400052cf, org.springframework.boot.test.mock.mockito.ResetMocksTestExecutionListener@1ada7907]
20:16:08.795 [Test worker] DEBUG org.springframework.test.context.support.AbstractDirtiesContextTestExecutionListener - Before test class: context [DefaultTestContext@38400a08 testClass = PaperTest, testInstance = [null], testMethod = [null], testException = [null], mergedContextConfiguration = [WebMergedContextConfiguration@35dd0458 testClass = PaperTest, locations = '{}', classes = '{class com.sp.fc.web.AuthorityACLApplication, class com.sp.fc.web.AuthorityACLApplication}', contextInitializerClasses = '[]', activeProfiles = '{}', propertySourceLocations = '{}', propertySourceProperties = '{org.springframework.boot.test.context.SpringBootTestContextBootstrapper=true, server.port=0}', contextCustomizers = set[org.springframework.boot.test.autoconfigure.actuate.metrics.MetricsExportContextCustomizerFactory$DisableMetricExportContextCustomizer@7dd38af2, org.springframework.boot.test.autoconfigure.properties.PropertyMappingContextCustomizer@0, org.springframework.boot.test.autoconfigure.web.servlet.WebDriverContextCustomizerFactory$Customizer@10e2ce22, org.springframework.boot.test.context.filter.ExcludeFilterContextCustomizer@1d1bd15a, org.springframework.boot.test.json.DuplicateJsonObjectContextCustomizerFactory$DuplicateJsonObjectContextCustomizer@3cf64836, org.springframework.boot.test.mock.mockito.MockitoContextCustomizer@0, org.springframework.boot.test.web.client.TestRestTemplateContextCustomizer@131075de, org.springframework.boot.test.context.SpringBootTestArgs@1, org.springframework.boot.test.context.SpringBootTestWebEnvironment@41599cbb], resourceBasePath = 'src/main/webapp', contextLoader = 'org.springframework.boot.test.context.SpringBootContextLoader', parent = [null]], attributes = map['org.springframework.test.context.web.ServletTestExecutionListener.activateListener' -> false]], class annotated with @DirtiesContext [false] with mode [null].
20:16:08.815 [Test worker] DEBUG org.springframework.test.context.support.DependencyInjectionTestExecutionListener - Performing dependency injection for test context [[DefaultTestContext@38400a08 testClass = PaperTest, testInstance = com.sp.fc.web.PaperTest@71d04e33, testMethod = [null], testException = [null], mergedContextConfiguration = [WebMergedContextConfiguration@35dd0458 testClass = PaperTest, locations = '{}', classes = '{class com.sp.fc.web.AuthorityACLApplication, class com.sp.fc.web.AuthorityACLApplication}', contextInitializerClasses = '[]', activeProfiles = '{}', propertySourceLocations = '{}', propertySourceProperties = '{org.springframework.boot.test.context.SpringBootTestContextBootstrapper=true, server.port=0}', contextCustomizers = set[org.springframework.boot.test.autoconfigure.actuate.metrics.MetricsExportContextCustomizerFactory$DisableMetricExportContextCustomizer@7dd38af2, org.springframework.boot.test.autoconfigure.properties.PropertyMappingContextCustomizer@0, org.springframework.boot.test.autoconfigure.web.servlet.WebDriverContextCustomizerFactory$Customizer@10e2ce22, org.springframework.boot.test.context.filter.ExcludeFilterContextCustomizer@1d1bd15a, org.springframework.boot.test.json.DuplicateJsonObjectContextCustomizerFactory$DuplicateJsonObjectContextCustomizer@3cf64836, org.springframework.boot.test.mock.mockito.MockitoContextCustomizer@0, org.springframework.boot.test.web.client.TestRestTemplateContextCustomizer@131075de, org.springframework.boot.test.context.SpringBootTestArgs@1, org.springframework.boot.test.context.SpringBootTestWebEnvironment@41599cbb], resourceBasePath = 'src/main/webapp', contextLoader = 'org.springframework.boot.test.context.SpringBootContextLoader', parent = [null]], attributes = map['org.springframework.test.context.web.ServletTestExecutionListener.activateListener' -> false]]].
20:16:08.858 [Test worker] DEBUG org.springframework.test.context.support.TestPropertySourceUtils - Adding inlined properties to environment: {spring.jmx.enabled=false, org.springframework.boot.test.context.SpringBootTestContextBootstrapper=true, server.port=0}

  .   ____          _            __ _ _
 /\\ / ___'_ __ _ _(_)_ __  __ _ \ \ \ \
( ( )\___ | '_ | '_| | '_ \/ _` | \ \ \ \
 \\/  ___)| |_)| | | | | || (_| |  ) ) ) )
  '  |____| .__|_| |_|_| |_\__, | / / / /
 =========|_|==============|___/=/_/_/_/
 :: Spring Boot ::                (v2.4.1)

2022-04-18 20:16:09.408  INFO 37952 --- [    Test worker] com.sp.fc.web.PaperTest                  : Starting PaperTest using Java 11.0.12 on DESKTOP-F5OE147 with PID 37952 (started by user in C:\Users\user\IdeaProjects\education\sp-fastcampus-spring-sec - 복사본\server\authority-acl)
2022-04-18 20:16:09.413  INFO 37952 --- [    Test worker] com.sp.fc.web.PaperTest                  : No active profile set, falling back to default profiles: default
2022-04-18 20:16:10.305  INFO 37952 --- [    Test worker] .s.d.r.c.RepositoryConfigurationDelegate : Bootstrapping Spring Data JPA repositories in DEFAULT mode.
2022-04-18 20:16:10.389  INFO 37952 --- [    Test worker] .s.d.r.c.RepositoryConfigurationDelegate : Finished Spring Data repository scanning in 69 ms. Found 1 JPA repository interfaces.
2022-04-18 20:16:11.207  INFO 37952 --- [    Test worker] trationDelegate$BeanPostProcessorChecker : Bean 'org.springframework.security.access.expression.method.DefaultMethodSecurityExpressionHandler@d36c130' of type [org.springframework.security.access.expression.method.DefaultMethodSecurityExpressionHandler] is not eligible for getting processed by all BeanPostProcessors (for example: not eligible for auto-proxying)
2022-04-18 20:16:11.220  INFO 37952 --- [    Test worker] trationDelegate$BeanPostProcessorChecker : Bean 'aclGlobalMethodConfig' of type [com.sp.fc.web.config.AclGlobalMethodConfig$$EnhancerBySpringCGLIB$$5fc41f67] is not eligible for getting processed by all BeanPostProcessors (for example: not eligible for auto-proxying)
2022-04-18 20:16:11.301  INFO 37952 --- [    Test worker] trationDelegate$BeanPostProcessorChecker : Bean 'dataSource' of type [com.zaxxer.hikari.HikariDataSource] is not eligible for getting processed by all BeanPostProcessors (for example: not eligible for auto-proxying)
2022-04-18 20:16:11.333  INFO 37952 --- [    Test worker] trationDelegate$BeanPostProcessorChecker : Bean 'spring.datasource-org.springframework.boot.autoconfigure.jdbc.DataSourceProperties' of type [org.springframework.boot.autoconfigure.jdbc.DataSourceProperties] is not eligible for getting processed by all BeanPostProcessors (for example: not eligible for auto-proxying)
2022-04-18 20:16:11.344  INFO 37952 --- [    Test worker] trationDelegate$BeanPostProcessorChecker : Bean 'org.springframework.boot.autoconfigure.jdbc.DataSourceInitializerInvoker' of type [org.springframework.boot.autoconfigure.jdbc.DataSourceInitializerInvoker] is not eligible for getting processed by all BeanPostProcessors (for example: not eligible for auto-proxying)
2022-04-18 20:16:11.369  INFO 37952 --- [    Test worker] o.s.c.ehcache.EhCacheManagerFactoryBean  : Initializing EhCache CacheManager
2022-04-18 20:16:11.373  WARN 37952 --- [    Test worker] n.s.ehcache.config.ConfigurationFactory  : No configuration found. Configuring ehcache from ehcache-failsafe.xml  found in the classpath: jar:file:/C:/Users/user/.gradle/caches/modules-2/files-2.1/net.sf.ehcache/ehcache/2.10.6/38076997b10f5c762a210ea8b9f6099da35ac5f/ehcache-2.10.6.jar!/ehcache-failsafe.xml
2022-04-18 20:16:11.516  INFO 37952 --- [    Test worker] trationDelegate$BeanPostProcessorChecker : Bean 'ehcacheFactoryBean' of type [org.springframework.cache.ehcache.EhCacheManagerFactoryBean] is not eligible for getting processed by all BeanPostProcessors (for example: not eligible for auto-proxying)
2022-04-18 20:16:11.529  INFO 37952 --- [    Test worker] trationDelegate$BeanPostProcessorChecker : Bean 'ehcacheFactoryBean' of type [net.sf.ehcache.CacheManager] is not eligible for getting processed by all BeanPostProcessors (for example: not eligible for auto-proxying)
2022-04-18 20:16:11.646  INFO 37952 --- [    Test worker] trationDelegate$BeanPostProcessorChecker : Bean 'aclEhCacheFactoryBean' of type [org.springframework.cache.ehcache.EhCacheFactoryBean] is not eligible for getting processed by all BeanPostProcessors (for example: not eligible for auto-proxying)
2022-04-18 20:16:11.671  INFO 37952 --- [    Test worker] trationDelegate$BeanPostProcessorChecker : Bean 'aclEhCacheFactoryBean' of type [net.sf.ehcache.Cache] is not eligible for getting processed by all BeanPostProcessors (for example: not eligible for auto-proxying)
2022-04-18 20:16:11.685  INFO 37952 --- [    Test worker] trationDelegate$BeanPostProcessorChecker : Bean 'consoleAuditLogger' of type [org.springframework.security.acls.domain.ConsoleAuditLogger] is not eligible for getting processed by all BeanPostProcessors (for example: not eligible for auto-proxying)
2022-04-18 20:16:11.689  INFO 37952 --- [    Test worker] trationDelegate$BeanPostProcessorChecker : Bean 'permissionGrantingStrategy' of type [org.springframework.security.acls.domain.DefaultPermissionGrantingStrategy] is not eligible for getting processed by all BeanPostProcessors (for example: not eligible for auto-proxying)
2022-04-18 20:16:11.695  INFO 37952 --- [    Test worker] trationDelegate$BeanPostProcessorChecker : Bean 'aclCache' of type [org.springframework.security.acls.domain.EhCacheBasedAclCache] is not eligible for getting processed by all BeanPostProcessors (for example: not eligible for auto-proxying)
2022-04-18 20:16:11.717  INFO 37952 --- [    Test worker] trationDelegate$BeanPostProcessorChecker : Bean 'lookupStrategy' of type [org.springframework.security.acls.jdbc.BasicLookupStrategy] is not eligible for getting processed by all BeanPostProcessors (for example: not eligible for auto-proxying)
2022-04-18 20:16:11.725  INFO 37952 --- [    Test worker] trationDelegate$BeanPostProcessorChecker : Bean 'aclService' of type [org.springframework.security.acls.jdbc.JdbcMutableAclService] is not eligible for getting processed by all BeanPostProcessors (for example: not eligible for auto-proxying)
2022-04-18 20:16:11.731  INFO 37952 --- [    Test worker] trationDelegate$BeanPostProcessorChecker : Bean 'aclPermissionEvaluator' of type [org.springframework.security.acls.AclPermissionEvaluator] is not eligible for getting processed by all BeanPostProcessors (for example: not eligible for auto-proxying)
2022-04-18 20:16:11.742  INFO 37952 --- [    Test worker] trationDelegate$BeanPostProcessorChecker : Bean 'methodSecurityMetadataSource' of type [org.springframework.security.access.method.DelegatingMethodSecurityMetadataSource] is not eligible for getting processed by all BeanPostProcessors (for example: not eligible for auto-proxying)
2022-04-18 20:16:12.302  INFO 37952 --- [    Test worker] o.s.b.w.embedded.tomcat.TomcatWebServer  : Tomcat initialized with port(s): 0 (http)
2022-04-18 20:16:12.321  INFO 37952 --- [    Test worker] o.apache.catalina.core.StandardService   : Starting service [Tomcat]
2022-04-18 20:16:12.321  INFO 37952 --- [    Test worker] org.apache.catalina.core.StandardEngine  : Starting Servlet engine: [Apache Tomcat/9.0.41]
2022-04-18 20:16:12.544  INFO 37952 --- [    Test worker] o.a.c.c.C.[Tomcat].[localhost].[/]       : Initializing Spring embedded WebApplicationContext
2022-04-18 20:16:12.544  INFO 37952 --- [    Test worker] w.s.c.ServletWebServerApplicationContext : Root WebApplicationContext: initialization completed in 3078 ms
2022-04-18 20:16:12.959  INFO 37952 --- [    Test worker] o.hibernate.jpa.internal.util.LogHelper  : HHH000204: Processing PersistenceUnitInfo [name: default]
2022-04-18 20:16:13.065  INFO 37952 --- [    Test worker] org.hibernate.Version                    : HHH000412: Hibernate ORM core version 5.4.25.Final
2022-04-18 20:16:13.348  INFO 37952 --- [    Test worker] o.hibernate.annotations.common.Version   : HCANN000001: Hibernate Commons Annotations {5.1.2.Final}
2022-04-18 20:16:13.544  INFO 37952 --- [    Test worker] com.zaxxer.hikari.HikariDataSource       : HikariPool-1 - Starting...
2022-04-18 20:16:14.033  INFO 37952 --- [    Test worker] com.zaxxer.hikari.HikariDataSource       : HikariPool-1 - Start completed.
2022-04-18 20:16:14.062  INFO 37952 --- [    Test worker] org.hibernate.dialect.Dialect            : HHH000400: Using dialect: org.hibernate.dialect.MySQL8Dialect
2022-04-18 20:16:15.168  INFO 37952 --- [    Test worker] o.h.e.t.j.p.i.JtaPlatformInitiator       : HHH000490: Using JtaPlatform implementation: [org.hibernate.engine.transaction.jta.platform.internal.NoJtaPlatform]
2022-04-18 20:16:15.182  INFO 37952 --- [    Test worker] j.LocalContainerEntityManagerFactoryBean : Initialized JPA EntityManagerFactory for persistence unit 'default'
2022-04-18 20:16:15.285  WARN 37952 --- [    Test worker] JpaBaseConfiguration$JpaWebConfiguration : spring.jpa.open-in-view is enabled by default. Therefore, database queries may be performed during view rendering. Explicitly configure spring.jpa.open-in-view to disable this warning
2022-04-18 20:16:15.992  WARN 37952 --- [    Test worker] o.s.security.core.userdetails.User       : User.withDefaultPasswordEncoder() is considered unsafe for production and is only intended for sample applications.
2022-04-18 20:16:16.086  WARN 37952 --- [    Test worker] o.s.security.core.userdetails.User       : User.withDefaultPasswordEncoder() is considered unsafe for production and is only intended for sample applications.
2022-04-18 20:16:16.465  INFO 37952 --- [    Test worker] o.s.s.web.DefaultSecurityFilterChain     : Will secure any request with [org.springframework.security.web.context.request.async.WebAsyncManagerIntegrationFilter@322cbe67, org.springframework.security.web.context.SecurityContextPersistenceFilter@5e69f8cb, org.springframework.security.web.header.HeaderWriterFilter@997f773, org.springframework.security.web.csrf.CsrfFilter@6f1155f9, org.springframework.security.web.authentication.logout.LogoutFilter@6ec68dbd, org.springframework.security.web.authentication.www.BasicAuthenticationFilter@637218ff, org.springframework.security.web.savedrequest.RequestCacheAwareFilter@24b0a440, org.springframework.security.web.servletapi.SecurityContextHolderAwareRequestFilter@47e77817, org.springframework.security.web.authentication.AnonymousAuthenticationFilter@5ba0f27b, org.springframework.security.web.session.SessionManagementFilter@3025a95, org.springframework.security.web.access.ExceptionTranslationFilter@e4fe2d2, org.springframework.security.web.access.intercept.FilterSecurityInterceptor@3d6d0b42]
2022-04-18 20:16:16.904  INFO 37952 --- [    Test worker] o.s.s.concurrent.ThreadPoolTaskExecutor  : Initializing ExecutorService 'applicationTaskExecutor'
2022-04-18 20:16:17.485  INFO 37952 --- [    Test worker] .s.s.UserDetailsServiceAutoConfiguration : 

Using generated security password: a78e075f-f862-4771-b3be-1d337670bfc4

2022-04-18 20:16:17.518  INFO 37952 --- [    Test worker] o.s.b.w.embedded.tomcat.TomcatWebServer  : Tomcat started on port(s): 5153 (http) with context path ''
2022-04-18 20:16:17.527  INFO 37952 --- [    Test worker] com.sp.fc.web.PaperTest                  : Started PaperTest in 8.665 seconds (JVM running for 10.797)
Hibernate: select paper0_.id as id1_0_, paper0_.state as state2_0_, paper0_.title as title3_0_, paper0_.tutor_id as tutor_id4_0_ from paper paper0_
Hibernate: delete from paper where id=?
Hibernate: select paper0_.id as id1_0_0_, paper0_.state as state2_0_0_, paper0_.title as title3_0_0_, paper0_.tutor_id as tutor_id4_0_0_ from paper paper0_ where paper0_.id=?
Hibernate: insert into paper (state, title, tutor_id, id) values (?, ?, ?, ?)
2022-04-18 20:16:18.285  INFO 37952 --- [o-auto-1-exec-1] o.a.c.c.C.[Tomcat].[localhost].[/]       : Initializing Spring DispatcherServlet 'dispatcherServlet'
2022-04-18 20:16:18.286  INFO 37952 --- [o-auto-1-exec-1] o.s.web.servlet.DispatcherServlet        : Initializing Servlet 'dispatcherServlet'
2022-04-18 20:16:18.288  INFO 37952 --- [o-auto-1-exec-1] o.s.web.servlet.DispatcherServlet        : Completed initialization in 2 ms
2022-04-18 20:16:18.897  WARN 37952 --- [o-auto-1-exec-1] o.a.c.util.SessionIdGeneratorBase        : Creation of SecureRandom instance for session ID generation using [SHA1PRNG] took [427] milliseconds.
Hibernate: select paper0_.id as id1_0_0_, paper0_.state as state2_0_0_, paper0_.title as title3_0_0_, paper0_.tutor_id as tutor_id4_0_0_ from paper paper0_ where paper0_.id=?
2022-04-18 20:18:02.570  WARN 37952 --- [l-1 housekeeper] com.zaxxer.hikari.pool.HikariPool        : HikariPool-1 - Thread starvation or clock leap detected (housekeeper delta=1m3s913ms146?s800ns).
GRANTED due to ACE: AccessControlEntryImpl[id: 1; granting: true; sid: PrincipalSid[student1]; permission: BasePermission[...............................R=1]; auditSuccess: true; auditFailure: true]
2022-04-18 20:20:26.021  WARN 37952 --- [l-1 housekeeper] com.zaxxer.hikari.pool.HikariPool        : HikariPool-1 - Thread starvation or clock leap detected (housekeeper delta=1m40s683ms49?s700ns).
Paper(id=1, title=paper1, tutorId=tutor1, state=PREPARE)
]]></system-out>
  <system-err><![CDATA[]]></system-err>
</testsuite>
